04/13/21 18:01:39 ******************************************************
04/13/21 18:01:39 ** condor_scheduniv_exec.484900.0 (CONDOR_DAGMAN) STARTING UP
04/13/21 18:01:39 ** /usr/bin/condor_dagman
04/13/21 18:01:39 ** SubsystemInfo: name=DAGMAN type=DAGMAN(10) class=DAEMON(1)
04/13/21 18:01:39 ** Configuration: subsystem:DAGMAN local:<NONE> class:DAEMON
04/13/21 18:01:39 ** $CondorVersion: 8.8.6 Nov 19 2019 BuildID: Debian-8.8.6~dfsg.1-1 Debian-8.8.6~dfsg.1-1 $
04/13/21 18:01:39 ** $CondorPlatform: X86_64-Debian_10 $
04/13/21 18:01:39 ** PID = 1333976
04/13/21 18:01:39 ** Log last touched time unavailable (No such file or directory)
04/13/21 18:01:39 ******************************************************
04/13/21 18:01:39 Using config source: /etc/condor/condor_config
04/13/21 18:01:39 Using local config sources: 
04/13/21 18:01:39    /etc/condor/config.d/50_inm7_master
04/13/21 18:01:39    /etc/condor/condor_config.local
04/13/21 18:01:39 config Macros = 81, Sorted = 81, StringBytes = 2350, TablesBytes = 2972
04/13/21 18:01:39 CLASSAD_CACHING is ENABLED
04/13/21 18:01:39 Daemon Log is logging: D_ALWAYS D_ERROR
04/13/21 18:01:39 DaemonCore: No command port requested.
04/13/21 18:01:39 DAGMAN_USE_STRICT setting: 1
04/13/21 18:01:39 DAGMAN_VERBOSITY setting: 3
04/13/21 18:01:39 DAGMAN_DEBUG_CACHE_SIZE setting: 5242880
04/13/21 18:01:39 DAGMAN_DEBUG_CACHE_ENABLE setting: False
04/13/21 18:01:39 DAGMAN_SUBMIT_DELAY setting: 0
04/13/21 18:01:39 DAGMAN_MAX_SUBMIT_ATTEMPTS setting: 6
04/13/21 18:01:39 DAGMAN_STARTUP_CYCLE_DETECT setting: False
04/13/21 18:01:39 DAGMAN_MAX_SUBMITS_PER_INTERVAL setting: 100
04/13/21 18:01:39 DAGMAN_AGGRESSIVE_SUBMIT setting: False
04/13/21 18:01:39 DAGMAN_USER_LOG_SCAN_INTERVAL setting: 5
04/13/21 18:01:39 DAGMAN_QUEUE_UPDATE_INTERVAL setting: 300
04/13/21 18:01:39 DAGMAN_DEFAULT_PRIORITY setting: 0
04/13/21 18:01:39 DAGMAN_SUPPRESS_NOTIFICATION setting: True
04/13/21 18:01:39 allow_events (DAGMAN_ALLOW_EVENTS) setting: 114
04/13/21 18:01:39 DAGMAN_RETRY_SUBMIT_FIRST setting: True
04/13/21 18:01:39 DAGMAN_RETRY_NODE_FIRST setting: False
04/13/21 18:01:39 DAGMAN_MAX_JOBS_IDLE setting: 1000
04/13/21 18:01:39 DAGMAN_MAX_JOBS_SUBMITTED setting: 0
04/13/21 18:01:39 DAGMAN_MAX_PRE_SCRIPTS setting: 20
04/13/21 18:01:39 DAGMAN_MAX_POST_SCRIPTS setting: 20
04/13/21 18:01:39 DAGMAN_MUNGE_NODE_NAMES setting: True
04/13/21 18:01:39 DAGMAN_PROHIBIT_MULTI_JOBS setting: False
04/13/21 18:01:39 DAGMAN_SUBMIT_DEPTH_FIRST setting: False
04/13/21 18:01:39 DAGMAN_ALWAYS_RUN_POST setting: False
04/13/21 18:01:39 DAGMAN_CONDOR_SUBMIT_EXE setting: /usr/bin/condor_submit
04/13/21 18:01:39 DAGMAN_USE_CONDOR_SUBMIT setting: True
04/13/21 18:01:39 DAGMAN_ABORT_DUPLICATES setting: True
04/13/21 18:01:39 DAGMAN_ABORT_ON_SCARY_SUBMIT setting: True
04/13/21 18:01:39 DAGMAN_PENDING_REPORT_INTERVAL setting: 600
04/13/21 18:01:39 DAGMAN_AUTO_RESCUE setting: True
04/13/21 18:01:39 DAGMAN_MAX_RESCUE_NUM setting: 100
04/13/21 18:01:39 DAGMAN_WRITE_PARTIAL_RESCUE setting: True
04/13/21 18:01:39 DAGMAN_DEFAULT_NODE_LOG setting: @(DAG_DIR)/@(DAG_FILE).nodes.log
04/13/21 18:01:39 DAGMAN_GENERATE_SUBDAG_SUBMITS setting: True
04/13/21 18:01:39 DAGMAN_MAX_JOB_HOLDS setting: 100
04/13/21 18:01:39 DAGMAN_HOLD_CLAIM_TIME setting: 20
04/13/21 18:01:39 ALL_DEBUG setting: 
04/13/21 18:01:39 DAGMAN_DEBUG setting: 
04/13/21 18:01:39 DAGMAN_SUPPRESS_JOB_LOGS setting: False
04/13/21 18:01:39 DAGMAN_REMOVE_NODE_JOBS setting: True
04/13/21 18:01:39 argv[0] == "condor_scheduniv_exec.484900.0"
04/13/21 18:01:39 argv[1] == "-Lockfile"
04/13/21 18:01:39 argv[2] == "submit.dag.lock"
04/13/21 18:01:39 argv[3] == "-AutoRescue"
04/13/21 18:01:39 argv[4] == "1"
04/13/21 18:01:39 argv[5] == "-DoRescueFrom"
04/13/21 18:01:39 argv[6] == "0"
04/13/21 18:01:39 argv[7] == "-Dag"
04/13/21 18:01:39 argv[8] == "submit.dag"
04/13/21 18:01:39 argv[9] == "-Suppress_notification"
04/13/21 18:01:39 argv[10] == "-CsdVersion"
04/13/21 18:01:39 argv[11] == "$CondorVersion: 8.8.6 Nov 19 2019 BuildID: Debian-8.8.6~dfsg.1-1 Debian-8.8.6~dfsg.1-1 $"
04/13/21 18:01:39 argv[12] == "-Dagman"
04/13/21 18:01:39 argv[13] == "/usr/bin/condor_dagman"
04/13/21 18:01:39 Workflow batch-name: <submit.dag+484900>
04/13/21 18:01:39 Workflow accounting_group: <>
04/13/21 18:01:39 Workflow accounting_group_user: <>
04/13/21 18:01:39 Warning: failed to get attribute DAGNodeName
04/13/21 18:01:39 DAGMAN_LOG_ON_NFS_IS_ERROR setting: False
04/13/21 18:01:39 Default node log file is: </home/lfrahm/projects/pyALE/./submit.dag.nodes.log>
04/13/21 18:01:39 DAG Lockfile will be written to submit.dag.lock
04/13/21 18:01:39 DAG Input file is submit.dag
04/13/21 18:01:39 Parsing 1 dagfiles
04/13/21 18:01:39 Parsing submit.dag ...
04/13/21 18:01:39 Dag contains 3 total jobs
04/13/21 18:01:39 Sleeping for 3 seconds to ensure ProcessId uniqueness
04/13/21 18:01:42 Bootstrapping...
04/13/21 18:01:42 Number of pre-completed nodes: 0
04/13/21 18:01:42 MultiLogFiles: truncating log file /home/lfrahm/projects/pyALE/./submit.dag.nodes.log
04/13/21 18:01:42 DAG status: 0 (DAG_STATUS_OK)
04/13/21 18:01:42 Of 3 nodes total:
04/13/21 18:01:42  Done     Pre   Queued    Post   Ready   Un-Ready   Failed
04/13/21 18:01:42   ===     ===      ===     ===     ===        ===      ===
04/13/21 18:01:42     0       0        0       0       1          2        0
04/13/21 18:01:42 0 job proc(s) currently held
04/13/21 18:01:42 DAGMan Runtime Statistics: [ EventCycleTimeSum = 0.0; EventCycleTimeCount = 0.0; LogProcessCycleTimeSum = 0.0; SleepCycleTimeSum = 0.0; LogProcessCycleTimeCount = 0.0; SleepCycleTimeCount = 0.0; SubmitCycleTimeCount = 0.0; SubmitCycleTimeSum = 0.0; ]
04/13/21 18:01:42 Registering condor_event_timer...
04/13/21 18:01:43 Submitting HTCondor Node A job(s)...
04/13/21 18:01:43 Adding a DAGMan workflow log /home/lfrahm/projects/pyALE/./submit.dag.nodes.log
04/13/21 18:01:43 Masking the events recorded in the DAGMAN workflow log
04/13/21 18:01:43 Mask for workflow log is 0,1,2,4,5,7,9,10,11,12,13,16,17,24,27,35,36
04/13/21 18:01:43 submitting: /usr/bin/condor_submit -a dag_node_name' '=' 'A -a +DAGManJobId' '=' '484900 -a DAGManJobId' '=' '484900 -batch-name submit.dag+484900 -a submit_event_notes' '=' 'DAG' 'Node:' 'A -a dagman_log' '=' '/home/lfrahm/projects/pyALE/./submit.dag.nodes.log -a +DAGManNodesMask' '=' '"0,1,2,4,5,7,9,10,11,12,13,16,17,24,27,35,36" -a file' '=' 'simulation_data.hdf5 -a clust_thresh' '=' '0.001 -a iter' '=' '50 -a num_studies' '=' '20 -a num_true' '=' '5 -a rep' '=' '2 -a pt' '=' 'False -a DAG_STATUS' '=' '0 -a FAILED_COUNT' '=' '0 -a +KeepClaimIdle' '=' '20 -a notification' '=' 'never -a +DAGParentNodeNames' '=' '"" me.submit
04/13/21 18:01:43 From submit: Submitting job(s).
04/13/21 18:01:43 From submit: 1 job(s) submitted to cluster 484901.
04/13/21 18:01:43 From submit: WARNING: the line 'iter = 50' was unused by condor_submit. Is it a typo?
04/13/21 18:01:43 From submit: WARNING: the line 'clust_thresh = 0.001' was unused by condor_submit. Is it a typo?
04/13/21 18:01:43 	assigned HTCondor ID (484901.0.0)
04/13/21 18:01:43 Just submitted 1 job this cycle...
04/13/21 18:01:43 DAG status: 0 (DAG_STATUS_OK)
04/13/21 18:01:43 Of 3 nodes total:
04/13/21 18:01:43  Done     Pre   Queued    Post   Ready   Un-Ready   Failed
04/13/21 18:01:43   ===     ===      ===     ===     ===        ===      ===
04/13/21 18:01:43     0       0        1       0       0          2        0
04/13/21 18:01:43 0 job proc(s) currently held
04/13/21 18:01:43 DAGMan Runtime Statistics: [ EventCycleTimeSum = 0.0; SleepCycleTimeCount = 0.0; EventCycleTimeCount = 0.0; SubmitCycleTimeStd = 0.05436611175537109; SubmitCycleTimeMax = 0.05436611175537109; LogProcessCycleTimeSum = 0.0; LogProcessCycleTimeCount = 0.0; SubmitCycleTimeMin = 0.05436611175537109; SubmitCycleTimeCount = 1.0; SubmitCycleTimeSum = 0.05436611175537109; SleepCycleTimeSum = 0.0; SubmitCycleTimeAvg = 0.05436611175537109; ]
04/13/21 18:01:48 Currently monitoring 1 HTCondor log file(s)
04/13/21 18:01:48 Reassigning the id of job A from (484901.0.0) to (484901.0.0)
04/13/21 18:01:48 Event: ULOG_SUBMIT for HTCondor Node A (484901.0.0) {04/13/21 18:01:43}
04/13/21 18:01:48 Number of idle job procs: 1
04/13/21 18:01:48 Event: ULOG_EXECUTE for HTCondor Node A (484901.0.0) {04/13/21 18:01:47}
04/13/21 18:01:48 Number of idle job procs: 0
04/13/21 18:01:53 Currently monitoring 1 HTCondor log file(s)
04/13/21 18:01:53 Event: ULOG_JOB_TERMINATED for HTCondor Node A (484901.0.0) {04/13/21 18:01:52}
04/13/21 18:01:53 Number of idle job procs: 0
04/13/21 18:01:53 Node A job proc (484901.0.0) completed successfully.
04/13/21 18:01:53 Node A job completed
04/13/21 18:01:53 DAG status: 0 (DAG_STATUS_OK)
04/13/21 18:01:53 Of 3 nodes total:
04/13/21 18:01:53  Done     Pre   Queued    Post   Ready   Un-Ready   Failed
04/13/21 18:01:53   ===     ===      ===     ===     ===        ===      ===
04/13/21 18:01:53     1       0        0       0       1          1        0
04/13/21 18:01:53 0 job proc(s) currently held
04/13/21 18:01:53 DAGMan Runtime Statistics: [ EventCycleTimeStd = 0.03826023472861343; EventCycleTimeMax = 0.0546109676361084; EventCycleTimeMin = 0.0005028247833251953; EventCycleTimeAvg = 0.0275568962097168; EventCycleTimeSum = 0.05511379241943359; EventCycleTimeCount = 2.0; SleepCycleTimeStd = 5.091339300115999E-05; LogProcessCycleTimeMin = 0.000331878662109375; LogProcessCycleTimeMax = 0.0004289150238037109; SubmitCycleTimeCount = 3.0; LogProcessCycleTimeAvg = 0.000380396842956543; LogProcessCycleTimeCount = 2.0; LogProcessCycleTimeStd = 6.861506937573548E-05; LogProcessCycleTimeSum = 0.0007607936859130859; SubmitCycleTimeSum = 0.05470538139343262; SubmitCycleTimeAvg = 0.01823512713114421; SleepCycleTimeSum = 10.01026630401611; SubmitCycleTimeMin = 4.911422729492188E-05; SubmitCycleTimeMax = 0.05436611175537109; SleepCycleTimeAvg = 5.005133152008057; SleepCycleTimeMax = 5.005169153213501; SleepCycleTimeCount = 2.0; SubmitCycleTimeStd = 0.03129058265117673; SleepCycleTimeMin = 5.005097150802612; ]
04/13/21 18:01:58 Submitting HTCondor Node B job(s)...
04/13/21 18:01:58 Adding a DAGMan workflow log /home/lfrahm/projects/pyALE/./submit.dag.nodes.log
04/13/21 18:01:58 Masking the events recorded in the DAGMAN workflow log
04/13/21 18:01:58 Mask for workflow log is 0,1,2,4,5,7,9,10,11,12,13,16,17,24,27,35,36
04/13/21 18:01:58 submitting: /usr/bin/condor_submit -a dag_node_name' '=' 'B -a +DAGManJobId' '=' '484900 -a DAGManJobId' '=' '484900 -batch-name submit.dag+484900 -a submit_event_notes' '=' 'DAG' 'Node:' 'B -a dagman_log' '=' '/home/lfrahm/projects/pyALE/./submit.dag.nodes.log -a +DAGManNodesMask' '=' '"0,1,2,4,5,7,9,10,11,12,13,16,17,24,27,35,36" -a clust_thresh' '=' '0.001 -a iter' '=' '50 -a num_studies' '=' '20 -a num_true' '=' '5 -a rep' '=' '2 -a pt' '=' 'False -a DAG_STATUS' '=' '0 -a FAILED_COUNT' '=' '0 -a +KeepClaimIdle' '=' '20 -a notification' '=' 'never -a +DAGParentNodeNames' '=' '"A" null.submit
04/13/21 18:01:58 From submit: Submitting job(s)..........
04/13/21 18:01:58 From submit: 10 job(s) submitted to cluster 484902.
04/13/21 18:01:58 	assigned HTCondor ID (484902.0.0)
04/13/21 18:01:58 Just submitted 1 job this cycle...
04/13/21 18:01:58 DAG status: 0 (DAG_STATUS_OK)
04/13/21 18:01:58 Of 3 nodes total:
04/13/21 18:01:58  Done     Pre   Queued    Post   Ready   Un-Ready   Failed
04/13/21 18:01:58   ===     ===      ===     ===     ===        ===      ===
04/13/21 18:01:58     1       0        1       0       0          1        0
04/13/21 18:01:58 0 job proc(s) currently held
04/13/21 18:01:58 DAGMan Runtime Statistics: [ EventCycleTimeStd = 0.03114023807937499; EventCycleTimeMax = 0.0546109676361084; EventCycleTimeMin = 0.0005028247833251953; EventCycleTimeAvg = 0.01865386962890625; EventCycleTimeSum = 0.05596160888671875; EventCycleTimeCount = 3.0; SleepCycleTimeStd = 4.989802401274991E-05; LogProcessCycleTimeMin = 0.000331878662109375; LogProcessCycleTimeMax = 0.0004289150238037109; SubmitCycleTimeCount = 4.0; LogProcessCycleTimeAvg = 0.000380396842956543; LogProcessCycleTimeCount = 2.0; LogProcessCycleTimeStd = 6.861506937573548E-05; LogProcessCycleTimeSum = 0.0007607936859130859; SubmitCycleTimeSum = 0.1271014213562012; SubmitCycleTimeAvg = 0.03177535533905029; SleepCycleTimeSum = 15.01545929908752; SubmitCycleTimeMin = 4.911422729492188E-05; SubmitCycleTimeMax = 0.07239603996276855; SleepCycleTimeAvg = 5.005153099695842; SleepCycleTimeMax = 5.005192995071411; SleepCycleTimeCount = 3.0; SubmitCycleTimeStd = 0.03723016019468782; SleepCycleTimeMin = 5.005097150802612; ]
04/13/21 18:02:03 Currently monitoring 1 HTCondor log file(s)
04/13/21 18:02:03 Reassigning the id of job B from (484902.0.0) to (484902.0.0)
04/13/21 18:02:03 Event: ULOG_SUBMIT for HTCondor Node B (484902.0.0) {04/13/21 18:01:58}
04/13/21 18:02:03 Number of idle job procs: 1
04/13/21 18:02:03 Reassigning the id of job B from (484902.0.0) to (484902.1.0)
04/13/21 18:02:03 Event: ULOG_SUBMIT for HTCondor Node B (484902.1.0) {04/13/21 18:01:58}
04/13/21 18:02:03 Number of idle job procs: 2
04/13/21 18:02:03 Reassigning the id of job B from (484902.1.0) to (484902.2.0)
04/13/21 18:02:03 Event: ULOG_SUBMIT for HTCondor Node B (484902.2.0) {04/13/21 18:01:58}
04/13/21 18:02:03 Number of idle job procs: 3
04/13/21 18:02:03 Reassigning the id of job B from (484902.2.0) to (484902.3.0)
04/13/21 18:02:03 Event: ULOG_SUBMIT for HTCondor Node B (484902.3.0) {04/13/21 18:01:58}
04/13/21 18:02:03 Number of idle job procs: 4
04/13/21 18:02:03 Reassigning the id of job B from (484902.3.0) to (484902.4.0)
04/13/21 18:02:03 Event: ULOG_SUBMIT for HTCondor Node B (484902.4.0) {04/13/21 18:01:58}
04/13/21 18:02:03 Number of idle job procs: 5
04/13/21 18:02:03 Reassigning the id of job B from (484902.4.0) to (484902.5.0)
04/13/21 18:02:03 Event: ULOG_SUBMIT for HTCondor Node B (484902.5.0) {04/13/21 18:01:58}
04/13/21 18:02:03 Number of idle job procs: 6
04/13/21 18:02:03 Reassigning the id of job B from (484902.5.0) to (484902.6.0)
04/13/21 18:02:03 Event: ULOG_SUBMIT for HTCondor Node B (484902.6.0) {04/13/21 18:01:58}
04/13/21 18:02:03 Number of idle job procs: 7
04/13/21 18:02:03 Reassigning the id of job B from (484902.6.0) to (484902.7.0)
04/13/21 18:02:03 Event: ULOG_SUBMIT for HTCondor Node B (484902.7.0) {04/13/21 18:01:58}
04/13/21 18:02:03 Number of idle job procs: 8
04/13/21 18:02:03 Reassigning the id of job B from (484902.7.0) to (484902.8.0)
04/13/21 18:02:03 Event: ULOG_SUBMIT for HTCondor Node B (484902.8.0) {04/13/21 18:01:58}
04/13/21 18:02:03 Number of idle job procs: 9
04/13/21 18:02:03 Reassigning the id of job B from (484902.8.0) to (484902.9.0)
04/13/21 18:02:03 Event: ULOG_SUBMIT for HTCondor Node B (484902.9.0) {04/13/21 18:01:58}
04/13/21 18:02:03 Number of idle job procs: 10
04/13/21 18:02:03 Event: ULOG_EXECUTE for HTCondor Node B (484902.0.0) {04/13/21 18:01:58}
04/13/21 18:02:03 Number of idle job procs: 9
04/13/21 18:02:08 Currently monitoring 1 HTCondor log file(s)
04/13/21 18:02:08 Event: ULOG_EXECUTE for HTCondor Node B (484902.2.0) {04/13/21 18:02:07}
04/13/21 18:02:08 Number of idle job procs: 8
04/13/21 18:02:08 Event: ULOG_EXECUTE for HTCondor Node B (484902.3.0) {04/13/21 18:02:07}
04/13/21 18:02:08 Number of idle job procs: 7
04/13/21 18:02:08 Event: ULOG_EXECUTE for HTCondor Node B (484902.1.0) {04/13/21 18:02:07}
04/13/21 18:02:08 Number of idle job procs: 6
04/13/21 18:02:08 Event: ULOG_EXECUTE for HTCondor Node B (484902.6.0) {04/13/21 18:02:07}
04/13/21 18:02:08 Number of idle job procs: 5
04/13/21 18:02:08 Event: ULOG_EXECUTE for HTCondor Node B (484902.5.0) {04/13/21 18:02:07}
04/13/21 18:02:08 Number of idle job procs: 4
04/13/21 18:02:08 Event: ULOG_EXECUTE for HTCondor Node B (484902.4.0) {04/13/21 18:02:07}
04/13/21 18:02:08 Number of idle job procs: 3
04/13/21 18:02:08 Event: ULOG_EXECUTE for HTCondor Node B (484902.7.0) {04/13/21 18:02:07}
04/13/21 18:02:08 Number of idle job procs: 2
04/13/21 18:02:08 Event: ULOG_EXECUTE for HTCondor Node B (484902.8.0) {04/13/21 18:02:07}
04/13/21 18:02:08 Number of idle job procs: 1
04/13/21 18:02:08 Event: ULOG_EXECUTE for HTCondor Node B (484902.9.0) {04/13/21 18:02:07}
04/13/21 18:02:08 Number of idle job procs: 0
04/13/21 18:04:03 Currently monitoring 1 HTCondor log file(s)
04/13/21 18:04:03 Event: ULOG_JOB_TERMINATED for HTCondor Node B (484902.0.0) {04/13/21 18:03:59}
04/13/21 18:04:03 Number of idle job procs: 0
04/13/21 18:04:03 Node B job proc (484902.0.0) completed successfully.
04/13/21 18:04:03 Event: ULOG_JOB_TERMINATED for HTCondor Node B (484902.4.0) {04/13/21 18:04:03}
04/13/21 18:04:03 Number of idle job procs: 0
04/13/21 18:04:03 Node B job proc (484902.4.0) completed successfully.
04/13/21 18:04:08 Currently monitoring 1 HTCondor log file(s)
04/13/21 18:04:08 Event: ULOG_JOB_TERMINATED for HTCondor Node B (484902.5.0) {04/13/21 18:04:04}
04/13/21 18:04:08 Number of idle job procs: 0
04/13/21 18:04:08 Node B job proc (484902.5.0) completed successfully.
04/13/21 18:04:08 Event: ULOG_JOB_TERMINATED for HTCondor Node B (484902.3.0) {04/13/21 18:04:06}
04/13/21 18:04:08 Number of idle job procs: 0
04/13/21 18:04:08 Node B job proc (484902.3.0) completed successfully.
04/13/21 18:04:08 Event: ULOG_JOB_TERMINATED for HTCondor Node B (484902.2.0) {04/13/21 18:04:06}
04/13/21 18:04:08 Number of idle job procs: 0
04/13/21 18:04:08 Node B job proc (484902.2.0) completed successfully.
04/13/21 18:04:08 Event: ULOG_JOB_TERMINATED for HTCondor Node B (484902.8.0) {04/13/21 18:04:08}
04/13/21 18:04:08 Number of idle job procs: 0
04/13/21 18:04:08 Node B job proc (484902.8.0) completed successfully.
04/13/21 18:04:18 Currently monitoring 1 HTCondor log file(s)
04/13/21 18:04:18 Event: ULOG_JOB_TERMINATED for HTCondor Node B (484902.1.0) {04/13/21 18:04:13}
04/13/21 18:04:18 Number of idle job procs: 0
04/13/21 18:04:18 Node B job proc (484902.1.0) completed successfully.
04/13/21 18:04:18 Event: ULOG_JOB_TERMINATED for HTCondor Node B (484902.7.0) {04/13/21 18:04:13}
04/13/21 18:04:18 Number of idle job procs: 0
04/13/21 18:04:18 Node B job proc (484902.7.0) completed successfully.
04/13/21 18:04:18 Event: ULOG_JOB_TERMINATED for HTCondor Node B (484902.9.0) {04/13/21 18:04:14}
04/13/21 18:04:18 Number of idle job procs: 0
04/13/21 18:04:18 Node B job proc (484902.9.0) completed successfully.
04/13/21 18:04:18 Event: ULOG_JOB_TERMINATED for HTCondor Node B (484902.6.0) {04/13/21 18:04:14}
04/13/21 18:04:18 Number of idle job procs: 0
04/13/21 18:04:18 Node B job proc (484902.6.0) completed successfully.
04/13/21 18:04:18 Node B job completed
04/13/21 18:04:18 DAG status: 0 (DAG_STATUS_OK)
04/13/21 18:04:18 Of 3 nodes total:
04/13/21 18:04:18  Done     Pre   Queued    Post   Ready   Un-Ready   Failed
04/13/21 18:04:18   ===     ===      ===     ===     ===        ===      ===
04/13/21 18:04:18     2       0        0       0       1          0        0
04/13/21 18:04:18 0 job proc(s) currently held
04/13/21 18:04:18 DAGMan Runtime Statistics: [ EventCycleTimeStd = 0.01601421113080944; EventCycleTimeMax = 0.07268905639648438; EventCycleTimeMin = 2.002716064453125E-05; EventCycleTimeAvg = 0.004311592348160282; EventCycleTimeSum = 0.1336593627929688; EventCycleTimeCount = 31.0; SleepCycleTimeStd = 0.0005680078811122001; LogProcessCycleTimeMin = 0.000331878662109375; LogProcessCycleTimeMax = 0.0009188652038574219; SubmitCycleTimeCount = 32.0; LogProcessCycleTimeAvg = 0.0006255081721714564; LogProcessCycleTimeCount = 7.0; LogProcessCycleTimeStd = 0.0002051904525934552; LogProcessCycleTimeSum = 0.004378557205200195; SubmitCycleTimeSum = 0.127993106842041; SubmitCycleTimeAvg = 0.003999784588813782; SleepCycleTimeSum = 155.1546866893768; SubmitCycleTimeMin = 1.096725463867188E-05; SubmitCycleTimeMax = 0.07239603996276855; SleepCycleTimeAvg = 5.004989893205704; SleepCycleTimeMax = 5.005796909332275; SleepCycleTimeCount = 31.0; SubmitCycleTimeStd = 0.01574511344974561; SleepCycleTimeMin = 5.002774953842163; ]
04/13/21 18:04:23 Submitting HTCondor Node C job(s)...
04/13/21 18:04:23 Adding a DAGMan workflow log /home/lfrahm/projects/pyALE/./submit.dag.nodes.log
04/13/21 18:04:23 Masking the events recorded in the DAGMAN workflow log
04/13/21 18:04:23 Mask for workflow log is 0,1,2,4,5,7,9,10,11,12,13,16,17,24,27,35,36
04/13/21 18:04:23 submitting: /usr/bin/condor_submit -a dag_node_name' '=' 'C -a +DAGManJobId' '=' '484900 -a DAGManJobId' '=' '484900 -batch-name submit.dag+484900 -a submit_event_notes' '=' 'DAG' 'Node:' 'C -a dagman_log' '=' '/home/lfrahm/projects/pyALE/./submit.dag.nodes.log -a +DAGManNodesMask' '=' '"0,1,2,4,5,7,9,10,11,12,13,16,17,24,27,35,36" -a clust_thresh' '=' '0.001 -a iter' '=' '50 -a num_studies' '=' '20 -a num_true' '=' '5 -a rep' '=' '2 -a pt' '=' 'False -a DAG_STATUS' '=' '0 -a FAILED_COUNT' '=' '0 -a notification' '=' 'never -a +DAGParentNodeNames' '=' '"B" inference.submit
04/13/21 18:04:23 From submit: Submitting job(s).
04/13/21 18:04:23 From submit: 1 job(s) submitted to cluster 484904.
04/13/21 18:04:23 	assigned HTCondor ID (484904.0.0)
04/13/21 18:04:23 Just submitted 1 job this cycle...
04/13/21 18:04:23 DAG status: 0 (DAG_STATUS_OK)
04/13/21 18:04:23 Of 3 nodes total:
04/13/21 18:04:23  Done     Pre   Queued    Post   Ready   Un-Ready   Failed
04/13/21 18:04:23   ===     ===      ===     ===     ===        ===      ===
04/13/21 18:04:23     2       0        1       0       0          0        0
04/13/21 18:04:23 0 job proc(s) currently held
04/13/21 18:04:23 DAGMan Runtime Statistics: [ EventCycleTimeStd = 0.0157645365089646; EventCycleTimeMax = 0.07268905639648438; EventCycleTimeMin = 2.002716064453125E-05; EventCycleTimeAvg = 0.004208758473396301; EventCycleTimeSum = 0.1346802711486816; EventCycleTimeCount = 32.0; SleepCycleTimeStd = 0.0005589560257122474; LogProcessCycleTimeMin = 0.000331878662109375; LogProcessCycleTimeMax = 0.0009188652038574219; SubmitCycleTimeCount = 33.0; LogProcessCycleTimeAvg = 0.0006255081721714564; LogProcessCycleTimeCount = 7.0; LogProcessCycleTimeStd = 0.0002051904525934552; LogProcessCycleTimeSum = 0.004378557205200195; SubmitCycleTimeSum = 0.1815822124481201; SubmitCycleTimeAvg = 0.00550249128630667; SleepCycleTimeSum = 160.1597578525543; SubmitCycleTimeMin = 1.096725463867188E-05; SubmitCycleTimeMax = 0.07239603996276855; SleepCycleTimeAvg = 5.004992432892323; SleepCycleTimeMax = 5.005796909332275; SleepCycleTimeCount = 32.0; SubmitCycleTimeStd = 0.01773921245965663; SleepCycleTimeMin = 5.002774953842163; ]
04/13/21 18:04:28 Currently monitoring 1 HTCondor log file(s)
04/13/21 18:04:28 Reassigning the id of job C from (484904.0.0) to (484904.0.0)
04/13/21 18:04:28 Event: ULOG_SUBMIT for HTCondor Node C (484904.0.0) {04/13/21 18:04:23}
04/13/21 18:04:28 Number of idle job procs: 1
04/13/21 18:04:28 Event: ULOG_EXECUTE for HTCondor Node C (484904.0.0) {04/13/21 18:04:24}
04/13/21 18:04:28 Number of idle job procs: 0
04/13/21 18:04:28 Event: ULOG_JOB_TERMINATED for HTCondor Node C (484904.0.0) {04/13/21 18:04:26}
04/13/21 18:04:28 Number of idle job procs: 0
04/13/21 18:04:28 Node C job proc (484904.0.0) completed successfully.
04/13/21 18:04:28 Node C job completed
04/13/21 18:04:28 DAG status: 0 (DAG_STATUS_OK)
04/13/21 18:04:28 Of 3 nodes total:
04/13/21 18:04:28  Done     Pre   Queued    Post   Ready   Un-Ready   Failed
04/13/21 18:04:28   ===     ===      ===     ===     ===        ===      ===
04/13/21 18:04:28     3       0        0       0       0          0        0
04/13/21 18:04:28 0 job proc(s) currently held
04/13/21 18:04:28 DAGMan Runtime Statistics: [ EventCycleTimeStd = 0.01774963408058528; EventCycleTimeMax = 0.07268905639648438; EventCycleTimeMin = 2.002716064453125E-05; EventCycleTimeAvg = 0.00570921464399858; EventCycleTimeSum = 0.1884040832519531; EventCycleTimeCount = 33.0; SleepCycleTimeStd = 0.0005502541849040358; LogProcessCycleTimeMin = 0.000331878662109375; LogProcessCycleTimeMax = 0.0009188652038574219; SubmitCycleTimeCount = 34.0; LogProcessCycleTimeAvg = 0.0006085634231567383; LogProcessCycleTimeCount = 8.0; LogProcessCycleTimeStd = 0.0001959218882567606; LogProcessCycleTimeSum = 0.004868507385253906; SubmitCycleTimeSum = 0.1816051006317139; SubmitCycleTimeAvg = 0.005341326489168055; SleepCycleTimeSum = 165.1648108959198; SubmitCycleTimeMin = 1.096725463867188E-05; SubmitCycleTimeMax = 0.07239603996276855; SleepCycleTimeAvg = 5.004994269573327; SleepCycleTimeMax = 5.005796909332275; SleepCycleTimeCount = 33.0; SubmitCycleTimeStd = 0.01749362828512973; SleepCycleTimeMin = 5.002774953842163; ]
04/13/21 18:04:28 All jobs Completed!
04/13/21 18:04:28 Note: 0 total job deferrals because of -MaxJobs limit (0)
04/13/21 18:04:28 Note: 0 total job deferrals because of -MaxIdle limit (1000)
04/13/21 18:04:28 Note: 0 total job deferrals because of node category throttles
04/13/21 18:04:28 Note: 0 total PRE script deferrals because of -MaxPre limit (20) or DEFER
04/13/21 18:04:28 Note: 0 total POST script deferrals because of -MaxPost limit (20) or DEFER
04/13/21 18:04:28 DAG status: 0 (DAG_STATUS_OK)
04/13/21 18:04:28 Of 3 nodes total:
04/13/21 18:04:28  Done     Pre   Queued    Post   Ready   Un-Ready   Failed
04/13/21 18:04:28   ===     ===      ===     ===     ===        ===      ===
04/13/21 18:04:28     3       0        0       0       0          0        0
04/13/21 18:04:28 0 job proc(s) currently held
04/13/21 18:04:28 DAGMan Runtime Statistics: [ EventCycleTimeStd = 0.01774963408058528; EventCycleTimeMax = 0.07268905639648438; EventCycleTimeMin = 2.002716064453125E-05; EventCycleTimeAvg = 0.00570921464399858; EventCycleTimeSum = 0.1884040832519531; EventCycleTimeCount = 33.0; SleepCycleTimeStd = 0.0005502541849040358; LogProcessCycleTimeMin = 0.000331878662109375; LogProcessCycleTimeMax = 0.0009188652038574219; SubmitCycleTimeCount = 34.0; LogProcessCycleTimeAvg = 0.0006085634231567383; LogProcessCycleTimeCount = 8.0; LogProcessCycleTimeStd = 0.0001959218882567606; LogProcessCycleTimeSum = 0.004868507385253906; SubmitCycleTimeSum = 0.1816051006317139; SubmitCycleTimeAvg = 0.005341326489168055; SleepCycleTimeSum = 165.1648108959198; SubmitCycleTimeMin = 1.096725463867188E-05; SubmitCycleTimeMax = 0.07239603996276855; SleepCycleTimeAvg = 5.004994269573327; SleepCycleTimeMax = 5.005796909332275; SleepCycleTimeCount = 33.0; SubmitCycleTimeStd = 0.01749362828512973; SleepCycleTimeMin = 5.002774953842163; ]
04/13/21 18:04:28 Wrote metrics file submit.dag.metrics.
04/13/21 18:04:28 Metrics not sent because of PEGASUS_METRICS or CONDOR_DEVELOPERS setting.
04/13/21 18:04:28 DAGMan Runtime Statistics: [ EventCycleTimeStd = 0.01774963408058528; EventCycleTimeMax = 0.07268905639648438; EventCycleTimeMin = 2.002716064453125E-05; EventCycleTimeAvg = 0.00570921464399858; EventCycleTimeSum = 0.1884040832519531; EventCycleTimeCount = 33.0; SleepCycleTimeStd = 0.0005502541849040358; LogProcessCycleTimeMin = 0.000331878662109375; LogProcessCycleTimeMax = 0.0009188652038574219; SubmitCycleTimeCount = 34.0; LogProcessCycleTimeAvg = 0.0006085634231567383; LogProcessCycleTimeCount = 8.0; LogProcessCycleTimeStd = 0.0001959218882567606; LogProcessCycleTimeSum = 0.004868507385253906; SubmitCycleTimeSum = 0.1816051006317139; SubmitCycleTimeAvg = 0.005341326489168055; SleepCycleTimeSum = 165.1648108959198; SubmitCycleTimeMin = 1.096725463867188E-05; SubmitCycleTimeMax = 0.07239603996276855; SleepCycleTimeAvg = 5.004994269573327; SleepCycleTimeMax = 5.005796909332275; SleepCycleTimeCount = 33.0; SubmitCycleTimeStd = 0.01749362828512973; SleepCycleTimeMin = 5.002774953842163; ]
04/13/21 18:04:28 **** condor_scheduniv_exec.484900.0 (condor_DAGMAN) pid 1333976 EXITING WITH STATUS 0
