000 (484871.000.000) 04/13 15:54:14 Job submitted from host: <10.0.8.10:9618?addrs=10.0.8.10-9618&noUDP&sock=5910_58ce_3>
...
001 (484871.000.000) 04/13 15:54:15 Job executing on host: <10.0.9.11:9618?addrs=10.0.9.11-9618&noUDP&sock=2921_243a_3>
...
006 (484871.000.000) 04/13 15:54:18 Image size of job updated: 1
	0  -  MemoryUsage of job (MB)
	0  -  ResidentSetSize of job (KB)
...
005 (484871.000.000) 04/13 15:54:18 Job terminated.
	(1) Normal termination (return value 2)
		Usr 0 00:00:02, Sys 0 00:00:00  -  Run Remote Usage
		Usr 0 00:00:00, Sys 0 00:00:00  -  Run Local Usage
		Usr 0 00:00:02, Sys 0 00:00:00  -  Total Remote Usage
		Usr 0 00:00:00, Sys 0 00:00:00  -  Total Local Usage
	0  -  Run Bytes Sent By Job
	0  -  Run Bytes Received By Job
	0  -  Total Bytes Sent By Job
	0  -  Total Bytes Received By Job
	Partitionable Resources :    Usage  Request Allocated 
	   Cpus                 :        0        1         1 
	   Disk (KB)            :        1        1  58874272 
	   Memory (MB)          :        0     2048      7680 
...
000 (484872.000.000) 04/13 15:54:55 Job submitted from host: <10.0.8.10:9618?addrs=10.0.8.10-9618&noUDP&sock=5910_58ce_3>
...
001 (484872.000.000) 04/13 15:54:55 Job executing on host: <10.0.9.11:9618?addrs=10.0.9.11-9618&noUDP&sock=2921_243a_3>
...
006 (484872.000.000) 04/13 15:54:58 Image size of job updated: 50768
	0  -  MemoryUsage of job (MB)
	0  -  ResidentSetSize of job (KB)
...
005 (484872.000.000) 04/13 15:54:58 Job terminated.
	(1) Normal termination (return value 1)
		Usr 0 00:00:01, Sys 0 00:00:00  -  Run Remote Usage
		Usr 0 00:00:00, Sys 0 00:00:00  -  Run Local Usage
		Usr 0 00:00:01, Sys 0 00:00:00  -  Total Remote Usage
		Usr 0 00:00:00, Sys 0 00:00:00  -  Total Local Usage
	0  -  Run Bytes Sent By Job
	0  -  Run Bytes Received By Job
	0  -  Total Bytes Sent By Job
	0  -  Total Bytes Received By Job
	Partitionable Resources :    Usage  Request Allocated 
	   Cpus                 :                 1         1 
	   Disk (KB)            :        1        1  58874272 
	   Memory (MB)          :        0     2048      7680 
...
000 (484873.000.000) 04/13 15:56:06 Job submitted from host: <10.0.8.10:9618?addrs=10.0.8.10-9618&noUDP&sock=5910_58ce_3>
...
001 (484873.000.000) 04/13 15:56:15 Job executing on host: <10.0.9.11:9618?addrs=10.0.9.11-9618&noUDP&sock=2921_243a_3>
...
006 (484873.000.000) 04/13 15:56:18 Image size of job updated: 84896
	0  -  MemoryUsage of job (MB)
	0  -  ResidentSetSize of job (KB)
...
005 (484873.000.000) 04/13 15:56:18 Job terminated.
	(1) Normal termination (return value 1)
		Usr 0 00:00:01, Sys 0 00:00:00  -  Run Remote Usage
		Usr 0 00:00:00, Sys 0 00:00:00  -  Run Local Usage
		Usr 0 00:00:01, Sys 0 00:00:00  -  Total Remote Usage
		Usr 0 00:00:00, Sys 0 00:00:00  -  Total Local Usage
	0  -  Run Bytes Sent By Job
	0  -  Run Bytes Received By Job
	0  -  Total Bytes Sent By Job
	0  -  Total Bytes Received By Job
	Partitionable Resources :    Usage  Request Allocated 
	   Cpus                 :                 1         1 
	   Disk (KB)            :        1        1  58874272 
	   Memory (MB)          :        0     2048      7680 
...
000 (484874.000.000) 04/13 15:56:39 Job submitted from host: <10.0.8.10:9618?addrs=10.0.8.10-9618&noUDP&sock=5910_58ce_3>
...
001 (484874.000.000) 04/13 15:56:39 Job executing on host: <10.0.9.11:9618?addrs=10.0.9.11-9618&noUDP&sock=2921_243a_3>
...
006 (484874.000.000) 04/13 15:56:42 Image size of job updated: 1
	0  -  MemoryUsage of job (MB)
	0  -  ResidentSetSize of job (KB)
...
005 (484874.000.000) 04/13 15:56:42 Job terminated.
	(1) Normal termination (return value 1)
		Usr 0 00:00:01, Sys 0 00:00:00  -  Run Remote Usage
		Usr 0 00:00:00, Sys 0 00:00:00  -  Run Local Usage
		Usr 0 00:00:01, Sys 0 00:00:00  -  Total Remote Usage
		Usr 0 00:00:00, Sys 0 00:00:00  -  Total Local Usage
	0  -  Run Bytes Sent By Job
	0  -  Run Bytes Received By Job
	0  -  Total Bytes Sent By Job
	0  -  Total Bytes Received By Job
	Partitionable Resources :    Usage  Request Allocated 
	   Cpus                 :                 1         1 
	   Disk (KB)            :        1        1  58874272 
	   Memory (MB)          :        0     2048      7680 
...
000 (484877.000.000) 04/13 15:59:42 Job submitted from host: <10.0.8.10:9618?addrs=10.0.8.10-9618&noUDP&sock=5910_58ce_3>
...
001 (484877.000.000) 04/13 15:59:42 Job executing on host: <10.0.9.11:9618?addrs=10.0.9.11-9618&noUDP&sock=2921_243a_3>
...
006 (484877.000.000) 04/13 15:59:45 Image size of job updated: 1
	0  -  MemoryUsage of job (MB)
	0  -  ResidentSetSize of job (KB)
...
005 (484877.000.000) 04/13 15:59:45 Job terminated.
	(1) Normal termination (return value 0)
		Usr 0 00:00:01, Sys 0 00:00:00  -  Run Remote Usage
		Usr 0 00:00:00, Sys 0 00:00:00  -  Run Local Usage
		Usr 0 00:00:01, Sys 0 00:00:00  -  Total Remote Usage
		Usr 0 00:00:00, Sys 0 00:00:00  -  Total Local Usage
	0  -  Run Bytes Sent By Job
	0  -  Run Bytes Received By Job
	0  -  Total Bytes Sent By Job
	0  -  Total Bytes Received By Job
	Partitionable Resources :    Usage  Request Allocated 
	   Cpus                 :                 1         1 
	   Disk (KB)            :        1        1  58874272 
	   Memory (MB)          :        0     2048      7680 
...
