000 (484904.000.000) 04/13 18:04:23 Job submitted from host: <10.0.8.10:9618?addrs=10.0.8.10-9618&noUDP&sock=5910_58ce_3>
    DAG Node: C
...
001 (484904.000.000) 04/13 18:04:24 Job executing on host: <10.0.9.11:9618?addrs=10.0.9.11-9618&noUDP&sock=2921_243a_3>
...
006 (484904.000.000) 04/13 18:04:26 Image size of job updated: 1
	0  -  MemoryUsage of job (MB)
	0  -  ResidentSetSize of job (KB)
...
005 (484904.000.000) 04/13 18:04:26 Job terminated.
	(1) Normal termination (return value 0)
		Usr 0 00:00:02, Sys 0 00:00:00  -  Run Remote Usage
		Usr 0 00:00:00, Sys 0 00:00:00  -  Run Local Usage
		Usr 0 00:00:02, Sys 0 00:00:00  -  Total Remote Usage
		Usr 0 00:00:00, Sys 0 00:00:00  -  Total Local Usage
	0  -  Run Bytes Sent By Job
	0  -  Run Bytes Received By Job
	0  -  Total Bytes Sent By Job
	0  -  Total Bytes Received By Job
	Partitionable Resources :    Usage  Request Allocated 
	   Cpus                 :                 1         1 
	   Disk (KB)            :        1        1  58874272 
	   Memory (MB)          :        0     2048      7680 
...
