000 (484896.000.000) 04/13 17:50:42 Job submitted from host: <10.0.8.10:9618?addrs=10.0.8.10-9618&noUDP&sock=5910_58ce_3>
    DAG Node: A
...
001 (484896.000.000) 04/13 17:50:47 Job executing on host: <10.0.9.11:9618?addrs=10.0.9.11-9618&noUDP&sock=2921_243a_3>
...
006 (484896.000.000) 04/13 17:50:53 Image size of job updated: 363896
	0  -  MemoryUsage of job (MB)
	0  -  ResidentSetSize of job (KB)
...
005 (484896.000.000) 04/13 17:50:53 Job terminated.
	(1) Normal termination (return value 0)
		Usr 0 00:00:04, Sys 0 00:00:00  -  Run Remote Usage
		Usr 0 00:00:00, Sys 0 00:00:00  -  Run Local Usage
		Usr 0 00:00:04, Sys 0 00:00:00  -  Total Remote Usage
		Usr 0 00:00:00, Sys 0 00:00:00  -  Total Local Usage
	0  -  Run Bytes Sent By Job
	0  -  Run Bytes Received By Job
	0  -  Total Bytes Sent By Job
	0  -  Total Bytes Received By Job
	Partitionable Resources :    Usage  Request Allocated 
	   Cpus                 :        0        1         1 
	   Disk (KB)            :        1        1  58874272 
	   Memory (MB)          :        0     2048      7680 
...
000 (484901.000.000) 04/13 18:01:43 Job submitted from host: <10.0.8.10:9618?addrs=10.0.8.10-9618&noUDP&sock=5910_58ce_3>
    DAG Node: A
...
001 (484901.000.000) 04/13 18:01:47 Job executing on host: <10.0.9.11:9618?addrs=10.0.9.11-9618&noUDP&sock=2921_243a_3>
...
006 (484901.000.000) 04/13 18:01:52 Image size of job updated: 70048
	1  -  MemoryUsage of job (MB)
	8  -  ResidentSetSize of job (KB)
...
005 (484901.000.000) 04/13 18:01:52 Job terminated.
	(1) Normal termination (return value 0)
		Usr 0 00:00:03, Sys 0 00:00:00  -  Run Remote Usage
		Usr 0 00:00:00, Sys 0 00:00:00  -  Run Local Usage
		Usr 0 00:00:03, Sys 0 00:00:00  -  Total Remote Usage
		Usr 0 00:00:00, Sys 0 00:00:00  -  Total Local Usage
	0  -  Run Bytes Sent By Job
	0  -  Run Bytes Received By Job
	0  -  Total Bytes Sent By Job
	0  -  Total Bytes Received By Job
	Partitionable Resources :    Usage  Request Allocated 
	   Cpus                 :        0        1         1 
	   Disk (KB)            :        1        1  58874272 
	   Memory (MB)          :        1     2048      7680 
...
