000 (484842.000.000) 04/13 14:34:21 Job submitted from host: <10.0.8.10:9618?addrs=10.0.8.10-9618&noUDP&sock=5910_58ce_3>
...
001 (484842.000.000) 04/13 14:34:22 Job executing on host: <10.0.9.11:9618?addrs=10.0.9.11-9618&noUDP&sock=2921_243a_3>
...
006 (484842.000.000) 04/13 14:34:25 Image size of job updated: 1
	0  -  MemoryUsage of job (MB)
	0  -  ResidentSetSize of job (KB)
...
005 (484842.000.000) 04/13 14:34:25 Job terminated.
	(1) Normal termination (return value 1)
		Usr 0 00:00:01, Sys 0 00:00:00  -  Run Remote Usage
		Usr 0 00:00:00, Sys 0 00:00:00  -  Run Local Usage
		Usr 0 00:00:01, Sys 0 00:00:00  -  Total Remote Usage
		Usr 0 00:00:00, Sys 0 00:00:00  -  Total Local Usage
	0  -  Run Bytes Sent By Job
	0  -  Run Bytes Received By Job
	0  -  Total Bytes Sent By Job
	0  -  Total Bytes Received By Job
	Partitionable Resources :    Usage  Request Allocated 
	   Cpus                 :                 1         1 
	   Disk (KB)            :        1        1  58874272 
	   Memory (MB)          :        0     5120      7680 
...
000 (484843.000.000) 04/13 14:34:51 Job submitted from host: <10.0.8.10:9618?addrs=10.0.8.10-9618&noUDP&sock=5910_58ce_3>
...
001 (484843.000.000) 04/13 14:34:52 Job executing on host: <10.0.9.11:9618?addrs=10.0.9.11-9618&noUDP&sock=2921_243a_3>
...
006 (484843.000.000) 04/13 14:34:54 Image size of job updated: 1
	0  -  MemoryUsage of job (MB)
	0  -  ResidentSetSize of job (KB)
...
005 (484843.000.000) 04/13 14:34:54 Job terminated.
	(1) Normal termination (return value 1)
		Usr 0 00:00:01, Sys 0 00:00:00  -  Run Remote Usage
		Usr 0 00:00:00, Sys 0 00:00:00  -  Run Local Usage
		Usr 0 00:00:01, Sys 0 00:00:00  -  Total Remote Usage
		Usr 0 00:00:00, Sys 0 00:00:00  -  Total Local Usage
	0  -  Run Bytes Sent By Job
	0  -  Run Bytes Received By Job
	0  -  Total Bytes Sent By Job
	0  -  Total Bytes Received By Job
	Partitionable Resources :    Usage  Request Allocated 
	   Cpus                 :        0        1         1 
	   Disk (KB)            :        1        1  58874272 
	   Memory (MB)          :        0     5120      7680 
...
000 (484845.000.000) 04/13 14:35:43 Job submitted from host: <10.0.8.10:9618?addrs=10.0.8.10-9618&noUDP&sock=5910_58ce_3>
...
001 (484845.000.000) 04/13 14:35:43 Job executing on host: <10.0.9.11:9618?addrs=10.0.9.11-9618&noUDP&sock=2921_243a_3>
...
006 (484845.000.000) 04/13 14:35:46 Image size of job updated: 1
	0  -  MemoryUsage of job (MB)
	0  -  ResidentSetSize of job (KB)
...
005 (484845.000.000) 04/13 14:35:46 Job terminated.
	(1) Normal termination (return value 1)
		Usr 0 00:00:01, Sys 0 00:00:00  -  Run Remote Usage
		Usr 0 00:00:00, Sys 0 00:00:00  -  Run Local Usage
		Usr 0 00:00:01, Sys 0 00:00:00  -  Total Remote Usage
		Usr 0 00:00:00, Sys 0 00:00:00  -  Total Local Usage
	0  -  Run Bytes Sent By Job
	0  -  Run Bytes Received By Job
	0  -  Total Bytes Sent By Job
	0  -  Total Bytes Received By Job
	Partitionable Resources :    Usage  Request Allocated 
	   Cpus                 :                 1         1 
	   Disk (KB)            :        1        1  58874272 
	   Memory (MB)          :        0     5120      7680 
...
000 (484847.000.000) 04/13 14:37:34 Job submitted from host: <10.0.8.10:9618?addrs=10.0.8.10-9618&noUDP&sock=5910_58ce_3>
...
001 (484847.000.000) 04/13 14:37:35 Job executing on host: <10.0.9.11:9618?addrs=10.0.9.11-9618&noUDP&sock=2921_243a_3>
...
006 (484847.000.000) 04/13 14:37:38 Image size of job updated: 1
	0  -  MemoryUsage of job (MB)
	0  -  ResidentSetSize of job (KB)
...
005 (484847.000.000) 04/13 14:37:38 Job terminated.
	(1) Normal termination (return value 1)
		Usr 0 00:00:01, Sys 0 00:00:00  -  Run Remote Usage
		Usr 0 00:00:00, Sys 0 00:00:00  -  Run Local Usage
		Usr 0 00:00:01, Sys 0 00:00:00  -  Total Remote Usage
		Usr 0 00:00:00, Sys 0 00:00:00  -  Total Local Usage
	0  -  Run Bytes Sent By Job
	0  -  Run Bytes Received By Job
	0  -  Total Bytes Sent By Job
	0  -  Total Bytes Received By Job
	Partitionable Resources :    Usage  Request Allocated 
	   Cpus                 :        0        1         1 
	   Disk (KB)            :        1        1  58874272 
	   Memory (MB)          :        0     5120      7680 
...
000 (484848.000.000) 04/13 14:42:04 Job submitted from host: <10.0.8.10:9618?addrs=10.0.8.10-9618&noUDP&sock=5910_58ce_3>
...
001 (484848.000.000) 04/13 14:42:05 Job executing on host: <10.0.9.11:9618?addrs=10.0.9.11-9618&noUDP&sock=2921_243a_3>
...
006 (484848.000.000) 04/13 14:42:08 Image size of job updated: 72
	1  -  MemoryUsage of job (MB)
	72  -  ResidentSetSize of job (KB)
...
005 (484848.000.000) 04/13 14:42:08 Job terminated.
	(1) Normal termination (return value 1)
		Usr 0 00:00:01, Sys 0 00:00:00  -  Run Remote Usage
		Usr 0 00:00:00, Sys 0 00:00:00  -  Run Local Usage
		Usr 0 00:00:01, Sys 0 00:00:00  -  Total Remote Usage
		Usr 0 00:00:00, Sys 0 00:00:00  -  Total Local Usage
	0  -  Run Bytes Sent By Job
	0  -  Run Bytes Received By Job
	0  -  Total Bytes Sent By Job
	0  -  Total Bytes Received By Job
	Partitionable Resources :    Usage  Request Allocated 
	   Cpus                 :                 1         1 
	   Disk (KB)            :        1        1  58874272 
	   Memory (MB)          :        1     5120      7680 
...
000 (484849.000.000) 04/13 14:42:37 Job submitted from host: <10.0.8.10:9618?addrs=10.0.8.10-9618&noUDP&sock=5910_58ce_3>
...
001 (484849.000.000) 04/13 14:42:37 Job executing on host: <10.0.9.11:9618?addrs=10.0.9.11-9618&noUDP&sock=2921_243a_3>
...
006 (484849.000.000) 04/13 14:42:40 Image size of job updated: 24
	1  -  MemoryUsage of job (MB)
	24  -  ResidentSetSize of job (KB)
...
005 (484849.000.000) 04/13 14:42:40 Job terminated.
	(1) Normal termination (return value 1)
		Usr 0 00:00:01, Sys 0 00:00:00  -  Run Remote Usage
		Usr 0 00:00:00, Sys 0 00:00:00  -  Run Local Usage
		Usr 0 00:00:01, Sys 0 00:00:00  -  Total Remote Usage
		Usr 0 00:00:00, Sys 0 00:00:00  -  Total Local Usage
	0  -  Run Bytes Sent By Job
	0  -  Run Bytes Received By Job
	0  -  Total Bytes Sent By Job
	0  -  Total Bytes Received By Job
	Partitionable Resources :    Usage  Request Allocated 
	   Cpus                 :                 1         1 
	   Disk (KB)            :        1        1  58874272 
	   Memory (MB)          :        1     5120      7680 
...
000 (484850.000.000) 04/13 14:43:31 Job submitted from host: <10.0.8.10:9618?addrs=10.0.8.10-9618&noUDP&sock=5910_58ce_3>
...
001 (484850.000.000) 04/13 14:43:31 Job executing on host: <10.0.9.11:9618?addrs=10.0.9.11-9618&noUDP&sock=2921_243a_3>
...
006 (484850.000.000) 04/13 14:43:32 Image size of job updated: 1
	0  -  MemoryUsage of job (MB)
	0  -  ResidentSetSize of job (KB)
...
005 (484850.000.000) 04/13 14:43:32 Job terminated.
	(1) Normal termination (return value 1)
		Usr 0 00:00:00, Sys 0 00:00:00  -  Run Remote Usage
		Usr 0 00:00:00, Sys 0 00:00:00  -  Run Local Usage
		Usr 0 00:00:00, Sys 0 00:00:00  -  Total Remote Usage
		Usr 0 00:00:00, Sys 0 00:00:00  -  Total Local Usage
	0  -  Run Bytes Sent By Job
	0  -  Run Bytes Received By Job
	0  -  Total Bytes Sent By Job
	0  -  Total Bytes Received By Job
	Partitionable Resources :    Usage  Request Allocated 
	   Cpus                 :                 1         1 
	   Disk (KB)            :        1        1  58874272 
	   Memory (MB)          :        0     5120      7680 
...
000 (484851.000.000) 04/13 14:43:56 Job submitted from host: <10.0.8.10:9618?addrs=10.0.8.10-9618&noUDP&sock=5910_58ce_3>
...
001 (484851.000.000) 04/13 14:43:58 Job executing on host: <10.0.9.11:9618?addrs=10.0.9.11-9618&noUDP&sock=2921_243a_3>
...
006 (484851.000.000) 04/13 14:44:00 Image size of job updated: 1
	0  -  MemoryUsage of job (MB)
	0  -  ResidentSetSize of job (KB)
...
005 (484851.000.000) 04/13 14:44:00 Job terminated.
	(1) Normal termination (return value 1)
		Usr 0 00:00:01, Sys 0 00:00:00  -  Run Remote Usage
		Usr 0 00:00:00, Sys 0 00:00:00  -  Run Local Usage
		Usr 0 00:00:01, Sys 0 00:00:00  -  Total Remote Usage
		Usr 0 00:00:00, Sys 0 00:00:00  -  Total Local Usage
	0  -  Run Bytes Sent By Job
	0  -  Run Bytes Received By Job
	0  -  Total Bytes Sent By Job
	0  -  Total Bytes Received By Job
	Partitionable Resources :    Usage  Request Allocated 
	   Cpus                 :        0        1         1 
	   Disk (KB)            :        1        1  58874272 
	   Memory (MB)          :        0     5120      7680 
...
000 (484852.000.000) 04/13 14:44:36 Job submitted from host: <10.0.8.10:9618?addrs=10.0.8.10-9618&noUDP&sock=5910_58ce_3>
...
001 (484852.000.000) 04/13 14:44:37 Job executing on host: <10.0.9.11:9618?addrs=10.0.9.11-9618&noUDP&sock=2921_243a_3>
...
006 (484852.000.000) 04/13 14:44:40 Image size of job updated: 1
	0  -  MemoryUsage of job (MB)
	0  -  ResidentSetSize of job (KB)
...
005 (484852.000.000) 04/13 14:44:40 Job terminated.
	(1) Normal termination (return value 1)
		Usr 0 00:00:02, Sys 0 00:00:00  -  Run Remote Usage
		Usr 0 00:00:00, Sys 0 00:00:00  -  Run Local Usage
		Usr 0 00:00:02, Sys 0 00:00:00  -  Total Remote Usage
		Usr 0 00:00:00, Sys 0 00:00:00  -  Total Local Usage
	0  -  Run Bytes Sent By Job
	0  -  Run Bytes Received By Job
	0  -  Total Bytes Sent By Job
	0  -  Total Bytes Received By Job
	Partitionable Resources :    Usage  Request Allocated 
	   Cpus                 :                 1         1 
	   Disk (KB)            :        1        1  58874272 
	   Memory (MB)          :        0     5120      7680 
...
000 (484853.000.000) 04/13 14:45:16 Job submitted from host: <10.0.8.10:9618?addrs=10.0.8.10-9618&noUDP&sock=5910_58ce_3>
...
001 (484853.000.000) 04/13 14:45:16 Job executing on host: <10.0.9.11:9618?addrs=10.0.9.11-9618&noUDP&sock=2921_243a_3>
...
006 (484853.000.000) 04/13 14:45:19 Image size of job updated: 74704
	1  -  MemoryUsage of job (MB)
	16  -  ResidentSetSize of job (KB)
...
005 (484853.000.000) 04/13 14:45:19 Job terminated.
	(1) Normal termination (return value 1)
		Usr 0 00:00:01, Sys 0 00:00:00  -  Run Remote Usage
		Usr 0 00:00:00, Sys 0 00:00:00  -  Run Local Usage
		Usr 0 00:00:01, Sys 0 00:00:00  -  Total Remote Usage
		Usr 0 00:00:00, Sys 0 00:00:00  -  Total Local Usage
	0  -  Run Bytes Sent By Job
	0  -  Run Bytes Received By Job
	0  -  Total Bytes Sent By Job
	0  -  Total Bytes Received By Job
	Partitionable Resources :    Usage  Request Allocated 
	   Cpus                 :                 1         1 
	   Disk (KB)            :        1        1  58874272 
	   Memory (MB)          :        1     5120      7680 
...
000 (484855.000.000) 04/13 14:49:30 Job submitted from host: <10.0.8.10:9618?addrs=10.0.8.10-9618&noUDP&sock=5910_58ce_3>
...
001 (484855.000.000) 04/13 14:49:30 Job executing on host: <10.0.9.11:9618?addrs=10.0.9.11-9618&noUDP&sock=2921_243a_3>
...
006 (484855.000.000) 04/13 14:49:34 Image size of job updated: 356436
	0  -  MemoryUsage of job (MB)
	0  -  ResidentSetSize of job (KB)
...
005 (484855.000.000) 04/13 14:49:34 Job terminated.
	(1) Normal termination (return value 1)
		Usr 0 00:00:02, Sys 0 00:00:00  -  Run Remote Usage
		Usr 0 00:00:00, Sys 0 00:00:00  -  Run Local Usage
		Usr 0 00:00:02, Sys 0 00:00:00  -  Total Remote Usage
		Usr 0 00:00:00, Sys 0 00:00:00  -  Total Local Usage
	0  -  Run Bytes Sent By Job
	0  -  Run Bytes Received By Job
	0  -  Total Bytes Sent By Job
	0  -  Total Bytes Received By Job
	Partitionable Resources :    Usage  Request Allocated 
	   Cpus                 :     0.79        1         1 
	   Disk (KB)            :     1           1  58874272 
	   Memory (MB)          :     0        5120      7680 
...
000 (484856.000.000) 04/13 14:50:57 Job submitted from host: <10.0.8.10:9618?addrs=10.0.8.10-9618&noUDP&sock=5910_58ce_3>
...
001 (484856.000.000) 04/13 14:50:58 Job executing on host: <10.0.9.11:9618?addrs=10.0.9.11-9618&noUDP&sock=2921_243a_3>
...
006 (484856.000.000) 04/13 14:51:01 Image size of job updated: 69948
	0  -  MemoryUsage of job (MB)
	0  -  ResidentSetSize of job (KB)
...
005 (484856.000.000) 04/13 14:51:01 Job terminated.
	(1) Normal termination (return value 1)
		Usr 0 00:00:02, Sys 0 00:00:00  -  Run Remote Usage
		Usr 0 00:00:00, Sys 0 00:00:00  -  Run Local Usage
		Usr 0 00:00:02, Sys 0 00:00:00  -  Total Remote Usage
		Usr 0 00:00:00, Sys 0 00:00:00  -  Total Local Usage
	0  -  Run Bytes Sent By Job
	0  -  Run Bytes Received By Job
	0  -  Total Bytes Sent By Job
	0  -  Total Bytes Received By Job
	Partitionable Resources :    Usage  Request Allocated 
	   Cpus                 :                 1         1 
	   Disk (KB)            :        1        1  58874272 
	   Memory (MB)          :        0     5120      7680 
...
000 (484858.000.000) 04/13 14:55:13 Job submitted from host: <10.0.8.10:9618?addrs=10.0.8.10-9618&noUDP&sock=5910_58ce_3>
...
001 (484858.000.000) 04/13 14:55:14 Job executing on host: <10.0.9.11:9618?addrs=10.0.9.11-9618&noUDP&sock=2921_243a_3>
...
006 (484858.000.000) 04/13 14:55:18 Image size of job updated: 582720
	0  -  MemoryUsage of job (MB)
	0  -  ResidentSetSize of job (KB)
...
005 (484858.000.000) 04/13 14:55:18 Job terminated.
	(1) Normal termination (return value 1)
		Usr 0 00:00:02, Sys 0 00:00:00  -  Run Remote Usage
		Usr 0 00:00:00, Sys 0 00:00:00  -  Run Local Usage
		Usr 0 00:00:02, Sys 0 00:00:00  -  Total Remote Usage
		Usr 0 00:00:00, Sys 0 00:00:00  -  Total Local Usage
	0  -  Run Bytes Sent By Job
	0  -  Run Bytes Received By Job
	0  -  Total Bytes Sent By Job
	0  -  Total Bytes Received By Job
	Partitionable Resources :    Usage  Request Allocated 
	   Cpus                 :        0        1         1 
	   Disk (KB)            :        1        1  58874272 
	   Memory (MB)          :        0     5120      7680 
...
000 (484859.000.000) 04/13 14:56:05 Job submitted from host: <10.0.8.10:9618?addrs=10.0.8.10-9618&noUDP&sock=5910_58ce_3>
...
001 (484859.000.000) 04/13 14:56:06 Job executing on host: <10.0.9.11:9618?addrs=10.0.9.11-9618&noUDP&sock=2921_243a_3>
...
006 (484859.000.000) 04/13 14:56:09 Image size of job updated: 1
	0  -  MemoryUsage of job (MB)
	0  -  ResidentSetSize of job (KB)
...
005 (484859.000.000) 04/13 14:56:09 Job terminated.
	(1) Normal termination (return value 1)
		Usr 0 00:00:02, Sys 0 00:00:00  -  Run Remote Usage
		Usr 0 00:00:00, Sys 0 00:00:00  -  Run Local Usage
		Usr 0 00:00:02, Sys 0 00:00:00  -  Total Remote Usage
		Usr 0 00:00:00, Sys 0 00:00:00  -  Total Local Usage
	0  -  Run Bytes Sent By Job
	0  -  Run Bytes Received By Job
	0  -  Total Bytes Sent By Job
	0  -  Total Bytes Received By Job
	Partitionable Resources :    Usage  Request Allocated 
	   Cpus                 :                 1         1 
	   Disk (KB)            :        1        1  58874272 
	   Memory (MB)          :        0     5120      7680 
...
000 (484861.000.000) 04/13 14:57:33 Job submitted from host: <10.0.8.10:9618?addrs=10.0.8.10-9618&noUDP&sock=5910_58ce_3>
...
001 (484861.000.000) 04/13 14:57:33 Job executing on host: <10.0.9.11:9618?addrs=10.0.9.11-9618&noUDP&sock=2921_243a_3>
...
006 (484861.000.000) 04/13 14:57:38 Image size of job updated: 321436
	0  -  MemoryUsage of job (MB)
	0  -  ResidentSetSize of job (KB)
...
005 (484861.000.000) 04/13 14:57:38 Job terminated.
	(1) Normal termination (return value 0)
		Usr 0 00:00:04, Sys 0 00:00:00  -  Run Remote Usage
		Usr 0 00:00:00, Sys 0 00:00:00  -  Run Local Usage
		Usr 0 00:00:04, Sys 0 00:00:00  -  Total Remote Usage
		Usr 0 00:00:00, Sys 0 00:00:00  -  Total Local Usage
	0  -  Run Bytes Sent By Job
	0  -  Run Bytes Received By Job
	0  -  Total Bytes Sent By Job
	0  -  Total Bytes Received By Job
	Partitionable Resources :    Usage  Request Allocated 
	   Cpus                 :        0        1         1 
	   Disk (KB)            :        1        1  58874272 
	   Memory (MB)          :        0     5120      7680 
...
000 (484862.000.000) 04/13 15:02:08 Job submitted from host: <10.0.8.10:9618?addrs=10.0.8.10-9618&noUDP&sock=5910_58ce_3>
...
001 (484862.000.000) 04/13 15:02:09 Job executing on host: <10.0.9.11:9618?addrs=10.0.9.11-9618&noUDP&sock=2921_243a_3>
...
006 (484862.000.000) 04/13 15:02:15 Image size of job updated: 321444
	0  -  MemoryUsage of job (MB)
	0  -  ResidentSetSize of job (KB)
...
005 (484862.000.000) 04/13 15:02:15 Job terminated.
	(1) Normal termination (return value 0)
		Usr 0 00:00:04, Sys 0 00:00:00  -  Run Remote Usage
		Usr 0 00:00:00, Sys 0 00:00:00  -  Run Local Usage
		Usr 0 00:00:04, Sys 0 00:00:00  -  Total Remote Usage
		Usr 0 00:00:00, Sys 0 00:00:00  -  Total Local Usage
	0  -  Run Bytes Sent By Job
	0  -  Run Bytes Received By Job
	0  -  Total Bytes Sent By Job
	0  -  Total Bytes Received By Job
	Partitionable Resources :    Usage  Request Allocated 
	   Cpus                 :        0        1         1 
	   Disk (KB)            :        1        1  58874272 
	   Memory (MB)          :        0     5120      7680 
...
000 (484864.000.000) 04/13 15:13:23 Job submitted from host: <10.0.8.10:9618?addrs=10.0.8.10-9618&noUDP&sock=5910_58ce_3>
...
001 (484864.000.000) 04/13 15:13:23 Job executing on host: <10.0.9.11:9618?addrs=10.0.9.11-9618&noUDP&sock=2921_243a_3>
...
006 (484864.000.000) 04/13 15:13:31 Image size of job updated: 364840
	0  -  MemoryUsage of job (MB)
	0  -  ResidentSetSize of job (KB)
...
005 (484864.000.000) 04/13 15:13:31 Job terminated.
	(1) Normal termination (return value 0)
		Usr 0 00:00:04, Sys 0 00:00:00  -  Run Remote Usage
		Usr 0 00:00:00, Sys 0 00:00:00  -  Run Local Usage
		Usr 0 00:00:04, Sys 0 00:00:00  -  Total Remote Usage
		Usr 0 00:00:00, Sys 0 00:00:00  -  Total Local Usage
	0  -  Run Bytes Sent By Job
	0  -  Run Bytes Received By Job
	0  -  Total Bytes Sent By Job
	0  -  Total Bytes Received By Job
	Partitionable Resources :    Usage  Request Allocated 
	   Cpus                 :        0        1         1 
	   Disk (KB)            :        1        1  58874272 
	   Memory (MB)          :        0     5120      7680 
...
000 (484875.000.000) 04/13 15:57:57 Job submitted from host: <10.0.8.10:9618?addrs=10.0.8.10-9618&noUDP&sock=5910_58ce_3>
...
001 (484875.000.000) 04/13 15:57:59 Job executing on host: <10.0.9.11:9618?addrs=10.0.9.11-9618&noUDP&sock=2921_243a_3>
...
006 (484875.000.000) 04/13 15:58:05 Image size of job updated: 927428
	0  -  MemoryUsage of job (MB)
	0  -  ResidentSetSize of job (KB)
...
005 (484875.000.000) 04/13 15:58:05 Job terminated.
	(1) Normal termination (return value 0)
		Usr 0 00:00:04, Sys 0 00:00:00  -  Run Remote Usage
		Usr 0 00:00:00, Sys 0 00:00:00  -  Run Local Usage
		Usr 0 00:00:04, Sys 0 00:00:00  -  Total Remote Usage
		Usr 0 00:00:00, Sys 0 00:00:00  -  Total Local Usage
	0  -  Run Bytes Sent By Job
	0  -  Run Bytes Received By Job
	0  -  Total Bytes Sent By Job
	0  -  Total Bytes Received By Job
	Partitionable Resources :    Usage  Request Allocated 
	   Cpus                 :        0        1         1 
	   Disk (KB)            :        1        1  58874272 
	   Memory (MB)          :        0     5120      7680 
...
