000 (484881.000.000) 04/13 17:28:36 Job submitted from host: <10.0.8.10:9618?addrs=10.0.8.10-9618&noUDP&sock=5910_58ce_3>
    DAG Node: A
...
001 (484881.000.000) 04/13 17:28:52 Job executing on host: <10.0.9.11:9618?addrs=10.0.9.11-9618&noUDP&sock=2921_243a_3>
...
006 (484881.000.000) 04/13 17:28:53 Image size of job updated: 8
	1  -  MemoryUsage of job (MB)
	8  -  ResidentSetSize of job (KB)
...
005 (484881.000.000) 04/13 17:28:53 Job terminated.
	(1) Normal termination (return value 2)
		Usr 0 00:00:00, Sys 0 00:00:00  -  Run Remote Usage
		Usr 0 00:00:00, Sys 0 00:00:00  -  Run Local Usage
		Usr 0 00:00:00, Sys 0 00:00:00  -  Total Remote Usage
		Usr 0 00:00:00, Sys 0 00:00:00  -  Total Local Usage
	0  -  Run Bytes Sent By Job
	0  -  Run Bytes Received By Job
	0  -  Total Bytes Sent By Job
	0  -  Total Bytes Received By Job
	Partitionable Resources :    Usage  Request Allocated 
	   Cpus                 :                 1         1 
	   Disk (KB)            :        1        1  58874272 
	   Memory (MB)          :        1     2048      7680 
...
000 (484892.000.000) 04/13 17:35:17 Job submitted from host: <10.0.8.10:9618?addrs=10.0.8.10-9618&noUDP&sock=5910_58ce_3>
    DAG Node: A
...
001 (484892.000.000) 04/13 17:35:18 Job executing on host: <10.0.9.11:9618?addrs=10.0.9.11-9618&noUDP&sock=2921_243a_3>
...
006 (484892.000.000) 04/13 17:35:24 Image size of job updated: 253728
	1  -  MemoryUsage of job (MB)
	84  -  ResidentSetSize of job (KB)
...
005 (484892.000.000) 04/13 17:35:24 Job terminated.
	(1) Normal termination (return value 0)
		Usr 0 00:00:04, Sys 0 00:00:00  -  Run Remote Usage
		Usr 0 00:00:00, Sys 0 00:00:00  -  Run Local Usage
		Usr 0 00:00:04, Sys 0 00:00:00  -  Total Remote Usage
		Usr 0 00:00:00, Sys 0 00:00:00  -  Total Local Usage
	0  -  Run Bytes Sent By Job
	0  -  Run Bytes Received By Job
	0  -  Total Bytes Sent By Job
	0  -  Total Bytes Received By Job
	Partitionable Resources :    Usage  Request Allocated 
	   Cpus                 :        0        1         1 
	   Disk (KB)            :        1        1  58874272 
	   Memory (MB)          :        1     2048      7680 
...
