0.01497994266689262 59 11.769637632663038
0.01428532801060134 29 8.48024543220337
0.018443520392365076 72 10.873763422041721
0.016761776368908965 58 10.099042727278349
0.015264959689432311 33 9.584933710482208
0.01598662850327659 42 9.322881507183206
0.01651371987379746 27 11.046164968605648
0.01658769339326649 44 8.632839464175303
0.015159010261052486 59 8.808821578435378
0.017175323948511734 57 10.867575903956906
0.01546303577680852 41 12.434214877486667
0.01565769322984334 27 9.200098055181956
0.016220917381277844 46 12.058323270009955
0.01468423954176723 28 10.3093416825478
0.013931130872833819 39 12.63968496504718
0.017971393167822147 56 11.915928253927888
0.020187825032627393 74 12.02511562600065
0.016771710279233187 45 11.058667670046542
0.017650735608859325 57 11.937091426069726
0.01443329768467383 38 9.257665125554404
0.014649056415359518 43 9.891809168659233
0.014792904527150763 28 10.690536080105312
0.0156760275842468 28 9.948824723045409
0.02294030496545718 95 15.365054910062522
0.016303680959064537 43 10.139842569561441
0.015026825095603047 54 10.72182314087866
0.013898521070905279 49 9.090186347918587
0.015792680163961514 30 7.866734747388233
0.01709726074127782 42 8.942874204384255
0.015378769723959906 48 10.142051703222075
0.01794106079944835 53 9.598084733821517
0.013676757363176417 21 8.576011049524077
0.016606596321225298 53 11.20829895603675
0.015401346070940125 76 12.025910847165068
0.01700580865832413 54 10.236128096977975
0.016734182691441446 47 10.825271189940887
0.015009628871692549 32 8.928011111200107
0.01504807019092913 38 9.44399957369425
0.01354159975261282 16 8.843293636197023
0.015458222744588968 30 12.38875471665937
0.01564180265694992 42 9.741707492855069
0.015858238949026715 40 8.258707605878504
0.01943479201397158 78 11.707215371966482
0.01469636865688162 31 8.908835458922015
0.01462579784354967 31 8.981390543359835
0.017203026360105178 56 11.395513569018847
0.01827325588720008 52 12.754677865619495
0.017093603110413302 49 8.737469454092563
0.014649753551396416 36 8.330683994760928
0.02304136395417078 87 14.250522271934313
0.015435427072613361 36 8.222266420628472
0.018547033914808386 47 10.834117314730971
0.017837308940086172 54 10.887068725468746
0.016525908834568614 48 11.158308364664562
0.015160941731876099 43 11.271008565420736
0.020087780212585837 63 13.108403418545759
0.01511528444395116 45 9.812446603315651
0.019577677781656977 54 10.285550406226427
0.014786705437149328 34 8.192225856632676
0.018249592118030233 74 12.143448349145315
0.016169401062525846 46 8.393299811028697
0.015079788164549357 59 9.209759060241801
0.015124290180020261 22 9.473187319943777
0.017197590436344723 69 10.026182195505243
0.016023023620750365 50 12.179320174263042
0.01724752755136838 52 9.273536655840118
0.020622511776482888 86 12.833929712928953
0.015521341485116302 35 8.871961937254527
0.017341416215452488 58 13.362334408365847
0.017890272932989948 51 10.67124356646251
0.01696998545625983 127 13.388116468321003
0.018091075051845262 78 12.294592941229205
0.017375200879784725 46 9.341317961141707
0.01466534955295462 26 8.765441916359569
0.01390917883222409 57 8.720163213978406
0.01587810997397332 39 10.508288648075903
0.018882456253318414 131 14.277163619121737
0.019440680100676344 80 11.48304713361711
0.015045711970728903 35 8.849774478835151
0.022150780430557182 100 15.903116064952039
0.01877655808173928 64 10.736894398237835
0.01667672216855509 87 11.548265130490401
0.01582653909200149 59 10.464783599439865
0.016424165968308535 46 11.121510133068307
0.01446566369214064 21 11.35512121691252
0.015434534202967143 24 8.556999830351867
0.01996831843970248 66 13.068837265444452
0.014281857628167582 26 7.709568763376444
0.01730236194348067 47 8.04606855187752
0.017508281162417205 72 12.355222774637989
0.01918365108183917 102 12.78464559345333
0.017075923797899017 54 8.486087521199636
0.01735286724754115 56 10.064388627692392
0.016982050089670908 48 11.24029691168142
0.015284257289369996 35 11.157989591462494
0.01798105433779551 88 13.595102423568477
0.01718378746603455 59 11.718609588202272
0.01869646555806037 66 11.247418135247965
0.02022018278707116 77 13.94868711180723
0.018028184066295694 49 11.232426748274127
0.0160422631650341 42 7.952974271138399
0.015412005259357264 38 8.27999488659623
0.017298050189499148 54 10.71616503365445
0.016054853230888066 44 9.620233247508681
0.016503044769449415 85 12.774042867291575
0.015661395847632043 34 8.910504343311423
0.019267402573923564 52 10.325440466118616
0.014216962720682735 23 7.438992152669171
0.01566314176764383 41 9.389205714696553
0.015505647143715384 42 9.591155009339246
0.017426823652754275 106 12.27884322820019
0.016376209766360672 41 10.201155666148574
0.014432041855473421 31 9.184980338601509
0.01523539470377211 37 7.485637457044383
0.018162025883434296 54 11.147630681663806
0.013489936166533045 14 7.609363521494742
0.016711639117655053 43 8.842392514835954
0.014922169549579367 32 8.96411636612428
0.014038793314883113 19 9.028107251807286
0.013887324567750436 16 10.824124489126957
0.017029608104003335 53 12.519735303937493
0.015252721321619256 79 10.127878704521306
0.018296887114183313 53 11.835735068323208
0.017409823590828988 91 14.010997438304564
0.014999219938132025 34 9.937453628304839
0.01566530412479772 40 10.269532673603289
0.017549542644727745 59 13.07447918838544
0.01646592021652138 64 9.28799597878126
0.019186958234984508 58 12.149195951382618
0.0169501824021836 87 11.227649289256401
0.016737977100675927 50 8.769061827216472
0.01796338580899448 55 10.002533184045038
0.014338335530216018 20 8.19778671461853
0.015346393643415501 46 9.316482647077406
0.014641498359016514 34 9.855140632032839
0.01807457510006749 61 10.634182875344782
0.014680538800064036 26 9.162430177431258
0.015903932404415122 30 10.171271886047851
0.014434726992002656 23 11.549502848499843
0.01708596800754525 52 11.644573226897695
0.01662452253198654 43 10.688691012296742
0.01521616736466247 38 8.888685403292056
0.01386513050938265 28 9.945881111103944
0.015171693952751975 30 8.02229049725213
0.02007263453180641 78 11.788726190049646
0.017644731135720515 68 10.20090298833211
0.016686037353887184 47 9.88348737834579
0.01663555262183891 54 8.87153672514041
0.017013554276749554 73 11.93129845727031
0.016362124538715772 83 11.985081897269781
0.016276283432624217 44 9.310176797690191
0.014802817850798955 29 7.746340874641698
0.016843416888101093 105 12.631014951193754
0.016472422988602076 44 10.005799968571607
0.017347180260940176 50 10.92570693829918
0.02064528651635844 102 14.051695481011663
0.01623979578891266 74 10.376175558899941
0.017148936346398136 46 8.752654196629413
0.015999837553908547 55 9.162782297963213
0.017782556323091447 50 12.34220663689102
0.014667132054723808 39 7.771744982313792
0.017371587673790212 44 11.731741037594109
0.016028941065103663 44 11.356035793500334
0.019200267096227575 58 10.190380721729937
0.01598962799283432 61 11.518781452077008
0.015138155572572698 20 9.768985363688323
0.016891680555322974 45 9.506272452385748
0.017819973949066092 49 9.207745165847667
0.01468330629392478 29 9.703422633102253
0.015261431574517426 26 8.278537540502429
0.013881809444179494 21 9.865991263973111
0.018136233451685135 98 12.14084800387035
0.017314881018035022 41 10.895566999669624
0.016290040348780788 90 11.344742945704276
0.018419173317059445 74 10.792636474644626
0.0148320231291309 32 10.425511968741034
0.016593102782039404 87 10.790941445559437
0.014314254955542727 45 8.75333443100234
0.017569598386699137 50 10.577197581492795
0.014790118775448335 20 8.453517569240361
0.01547706581840902 29 10.223923023882568
0.01703511496999266 91 11.192153258596097
0.016333626438266635 44 9.034757149440072
0.01564946715387372 46 10.478826871290003
0.01729233151442977 79 12.284344592379522
0.01616883145621051 31 9.647776583331288
0.014048244723707026 44 8.848538245671028
0.01698567647646787 80 10.859429005831684
0.01482756167097976 46 9.995842008675782
0.01889915510868667 79 11.269258456669471
0.01923237815460077 66 12.724966267928256
0.014688345378159107 21 7.1634922676497
0.017792251518330304 78 10.849481565089258
0.016649703145651062 45 8.518762347723582
0.015067054639435251 58 11.266981103360356
0.01529743787196225 33 10.920603248675496
0.015461001972111532 27 8.136894591441887
0.0201109599030459 67 13.946658492537756
0.01644181501637676 52 13.353291250851779
0.014662612558503763 36 11.10143135421509
0.016435874842184228 35 11.05100104432949
0.018031031599339054 73 10.375152234376097
0.014939216682686163 35 10.15236413140473
0.01498481556555753 54 8.295405248211988
0.01702727412551719 44 10.963944150956381
0.014481002287911715 20 8.764386996914869
0.015693191180418342 40 9.758562719098625
0.01538100796270958 35 8.178064568900226
0.018278904477962987 43 11.180550526651272
0.016689513125934474 75 10.351280203667974
0.015193309290975288 34 8.308098180094943
0.016934731522660784 38 8.946921394558352
0.020975728104186908 61 14.34370327347948
0.013505530357883044 25 8.1393587641615
0.016650033794169072 49 11.984428716555882
0.0158442556961228 34 9.457415258159322
0.015101348817543991 30 10.124277625913312
0.01730867038124706 42 10.96520930485013
0.015085552501024835 27 10.83065237213505
0.016657933233835354 47 11.901630751416722
0.015989546937183352 55 9.095486920766454
0.015517707018898763 48 8.715819763532107
0.014010303864349205 40 8.814808686673276
0.018450160960079565 53 9.772855133965198
0.01655277399595778 45 8.838259279207078
0.015299147239197453 24 9.587630075689255
0.016900453796335535 44 9.830322932305766
0.016601480969069216 45 12.59222315431605
0.01709481826652004 44 10.53317787186249
0.014567363548993018 25 11.747449227145024
0.018942373458986528 72 10.990199790402118
0.017440394751357946 48 11.110491789383062
0.01712086002663371 47 13.54084612448137
0.015659005019352135 24 7.333017402515341
0.019904773635312067 55 10.192162326529049
0.013302713600862326 15 8.804136737394048
0.016359671014657073 52 12.50988451442366
0.01922962107343007 120 14.13047246402621
0.01592287155283445 68 10.139979717901545
0.015141867715336321 32 10.178832691186766
0.017535397702881372 67 9.93709772167587
0.017265009397564146 44 11.528673610934336
0.016131247918992564 64 10.600763198263346
0.01747449697297787 63 12.682576215494494
0.018408928346703046 58 9.69405476571045
0.017242125342484926 47 10.3431769564893
0.01628898900345055 41 8.471900454320025
0.01696293793594461 76 11.022040406511175
0.016507208748440583 53 9.498704350384013
0.017277928751613603 65 10.052252251435652
0.015728342204124446 52 12.763526524973011
0.014697619215288338 37 9.314600303952902
0.015455318475571578 35 9.634681536818313
0.015905527614237913 49 9.74501681314512
0.016035790714924003 59 9.707177422717205
0.016162328475734178 36 10.680137462140541
0.01634741240104942 68 12.177247789387966
0.016015922222822887 37 10.577910877792888
0.016072896302673945 75 12.632230731258884
0.027230479741226166 123 20.73358173175064
0.017475170098564807 90 11.988787369258464
0.019000461811017777 56 10.147761886879795
0.015999981365907523 47 10.795995763599475
0.014391211252314906 32 7.918358039227979
0.01714748067648897 115 12.657616486360151
0.017943394905483467 74 10.528359795475563
0.019636788122136428 55 12.107727148701336
0.016877199595773273 44 10.996054785346965
0.01763959191606501 54 9.293011179507292
0.019017190163335695 51 9.717950016905226
0.014544585294569035 33 8.011687933932919
0.016110416637050817 40 9.085487668097663
0.014279256494918013 28 9.95817945111775
0.01560755214622589 29 8.810585674076536
0.019442622156098932 72 11.297186599977564
0.017684693251239336 49 12.36536884682599
0.014744444326990735 37 9.63162972553297
0.020207553888743734 71 11.579374868821885
0.015888619943394855 37 10.263659363064303
0.017988973441163014 66 10.455482070900882
0.014072698826873009 30 7.500378759610047
0.01749853665247736 65 13.253716207712229
0.016674296819836787 98 12.461714144484716
0.017147940123330208 67 11.169483673313694
0.018699660298187037 65 11.112575809807701
0.018179231340268887 58 10.083433678295158
0.014644049194056485 28 10.029357493334386
0.01517163644815378 28 7.228153743945042
0.017056717866068216 84 10.887452117430522
0.019416078176747398 80 11.96368997270523
0.015039976590300541 42 8.210820714965772
0.015294469415463419 49 9.957864644856574
0.01599729234572078 85 10.340495901101871
0.01518224212448327 34 11.247299990714675
0.018825977043017916 80 13.12190338836028
0.015483936053508396 58 9.980416389074731
0.018396205438955926 84 12.33288587205214
0.018464898721936907 45 11.070407038452258
0.024456684518121885 100 16.691081454016405
0.01664423896358136 54 9.218839014924605
0.015277732202988226 37 10.153186798326315
0.01841570583532015 52 12.67336155970812
0.016103659626104383 38 14.553336232659664
0.014618175482406959 20 9.720141483757821
0.014800246309552678 44 11.032597393642128
0.014521496222755781 42 9.100742716902921
0.0191082813775888 56 14.20810313187321
0.016990697409776878 84 11.06737117703487
0.014855833001986118 43 10.784053976281962
0.015458222744589079 34 10.597221973196001
0.014642669599651992 34 8.507796036290138
0.013071265901183793 22 9.39031562327177
0.015072592169361188 37 11.185586279480455
0.015280289033841488 26 8.832169729263562
0.015954014008362938 31 8.920378014902035
0.014780596304180271 53 8.568872460205487
0.016298435583595117 43 8.51923991953958
0.016200356962153495 37 11.728595211044741
0.01823727579356238 56 12.205688243260726
0.018321839576503463 71 10.693962411177987
0.020575319245251023 59 11.810714797343076
0.016044293642916263 64 12.650116150432885
0.017614342960987184 47 11.444444897363045
0.019042469534845008 79 11.1853955751438
0.014801728843957696 26 9.31853931701614
0.014824971193188374 36 9.617530214108479
0.01576464001082445 60 10.455257219271381
0.014163609544190492 39 11.355765812032946
0.017675316513044326 73 12.40103257748286
0.020186526327689247 76 13.340323472045151
0.01603548020575707 28 8.786645585880443
0.016120617228332024 38 9.971808079527927
0.019700168008037533 78 11.687915083638273
0.014950599554880428 42 9.96107904208965
0.01666740038434522 66 9.337725072160072
0.019631210953895528 73 11.720018569315728
0.02071698872885508 104 13.649580553295316
0.018442107887982506 93 12.52577457739852
0.0175936588340323 50 9.163434229008507
0.016161115402244186 39 12.331725643486186
0.016112396041519372 70 11.741831075569293
0.018264328472645697 87 12.888576894184396
0.019960376757439224 65 11.764260747234037
0.01712809444662644 97 12.873441480064878
0.015412374343177992 43 11.037591093521744
0.015222757205435533 45 8.504001577633629
0.016718625454393732 67 10.13483101079033
0.01781779925097471 70 11.08782502530039
0.017347447781711822 56 10.205768490765852
0.01891248721211325 154 15.459035561482114
0.014967803764396992 23 10.042816201218454
0.014888784732407068 30 10.164645665827113
0.014742003385238012 31 7.808316592362605
0.017659890476455886 37 10.3151586320562
0.016950123973719422 65 11.409512565780537
0.01627511797653647 42 10.841317411037265
0.014753321869504066 60 10.778969099396855
0.015341230770896441 67 10.051922516973972
0.01477422899164782 29 8.410732074263993
0.013832079160124633 28 10.916507741001054
0.018916362845071477 85 12.143235840590064
0.016963668884679484 52 9.691627107250723
0.017927827637771787 50 9.648742301547843
0.01612914314507552 113 13.023302024500026
0.014875960766313479 44 8.992541530377059
0.01424525983173941 30 9.153456206342282
0.02049118440961284 69 12.494337059954312
0.016350951412388293 42 10.664517277116897
0.01409957868891032 34 7.524645621895579
0.015539092052630488 32 12.33193413376243
0.019767195604987853 74 11.996725160322548
0.019154201470951593 53 11.132260450503972
0.018074653764823645 50 10.738554583335464
0.01487259323976542 26 8.6788059911655
0.01538399114932898 29 8.693949253142312
0.015195337222242533 24 8.190234984478854
0.01774548750769589 46 10.638664490119538
0.01651939032299954 28 11.638830846565318
0.015091245235815398 64 10.745784286750995
0.014714085780672126 32 10.884005856372728
0.015431973900906448 82 10.70089530954646
0.015539726710485757 35 9.216409030110894
0.01598105697064367 41 8.145024223522684
0.013724903632391205 28 10.46099881752594
0.014635541227949744 20 9.097095797989027
0.015540435210027126 48 9.011775891217956
0.019326810762611446 111 14.077491727709146
0.018818477398292455 62 12.067150117951417
0.016948326540397685 85 12.028035478918307
0.016547678912914643 47 8.303090833513792
0.014177613645402265 32 9.441167291179731
0.016121108537526463 36 8.498854572490384
0.01697252318062059 88 11.410996609652686
0.01691231938117399 45 9.217277815498424
0.016061184107582727 45 10.963230126162449
0.019092132030391173 56 13.14371911171738
0.017021474092745126 39 10.262142551946154
0.019426358239623798 65 12.003372309296584
0.015289838801374689 48 10.089909014588176
0.01817120187322263 60 13.000203286002595
0.014148882343770541 27 9.134986542274234
0.01766364331890291 53 11.42326398331904
0.017775366892252786 61 10.744927625458775
0.016505456847857758 35 10.707892365155097
0.014712731223732067 23 8.864205667837641
0.018913260009131072 69 12.711383312017142
0.016487768336269526 57 9.130031047146915
0.01573005425225249 53 8.715721438923786
0.016902426346744104 45 11.455765120923443
0.015534369176922858 39 7.993762707077194
0.021779419715614368 135 16.23339416335357
0.01571804192644588 39 8.211558036680314
0.01508060625393437 39 10.725836320230783
0.016895672468563494 52 10.813363362107475
0.01844187201318226 77 11.610260812305953
0.015278410067199433 32 8.956138286923844
0.016174936600173773 42 8.894922295810721
0.015105106134512325 24 12.181811642407629
0.01850773004305395 70 10.243116896214282
0.013937289638678907 27 6.540021523926442
0.015856408027069557 31 10.761026265548091
0.0188759779484593 87 13.991635649917034
0.018527377227993025 101 13.140242725834844
0.01721601429822195 48 9.52982039452264
0.016404931240979526 72 11.021894312415501
0.016154861742550652 44 10.025156856220534
0.013332476051165276 25 9.181995701628823
0.021611050086631556 81 13.299942470740733
0.01693858262758885 44 10.162061033188058
0.02179671816246931 78 13.136234594679681
0.013889920479119189 19 8.324111524450048
0.01578993451366506 42 10.3756682468716
0.017179572380834562 76 10.729288992841834
0.01688314358431775 84 11.943898771329025
0.017629534634870048 57 9.758286872744693
0.015387141497824608 34 10.74186761713576
0.020899326203700608 63 11.151218272732567
0.014462561431502596 28 8.393052211538965
0.015854660789912378 47 8.30133188218089
0.016146037662211454 44 12.539143553793556
0.014800112241712182 29 9.375982309709537
0.01550888577359788 43 10.59424250580331
0.01811237677655053 50 10.51092532779437
0.014416211707346527 32 8.998121335511259
0.01482449779036421 39 8.597127411944529
0.017024253647086485 73 10.879526374281898
0.014242313906550619 31 8.712517133567756
0.01804161532218429 50 10.222324884015347
0.015580253431195512 40 11.37756148807125
0.014305780186022687 31 9.1238453994091
0.017649196665768585 71 10.76360889003253
0.015249223832975556 37 9.825852336885108
0.016145308684634485 40 10.315272621193794
0.015512872934853594 93 12.663554127005082
0.018336170063429358 55 10.128865347464158
0.015180755532391399 40 10.195884275290922
0.016490325922105087 56 11.81521350166762
0.01654400016411861 42 9.485932278531557
0.016918879093768102 61 10.146028037703152
0.016134674784543557 49 11.29368438643909
0.020212645172740018 84 12.267957122960956
0.014279443474747855 17 10.87003077198721
0.015142374291363114 22 8.79267664442287
0.018089842942290546 66 11.824948868106837
0.016862272877993578 43 9.187473424913637
0.01497032168380219 29 9.289342371619513
0.018928906624236075 53 10.03155390253609
0.01939456043189014 56 9.967527247247611
0.015186491749213604 34 8.72214211181885
0.015774765014444192 45 8.980174033763838
0.01437803215446165 33 8.085617310300918
0.0170922729333719 95 12.293684565123234
0.016426280921702174 72 10.568169259110185
0.01684464499227989 75 12.41112540046127
0.01594506473387658 39 11.246012046259718
0.013851907982613265 19 10.024744846851387
0.016336501173182638 65 9.82953384629491
0.017569327882199226 60 9.398982541115528
0.014927357323399115 44 9.74102344694277
0.014270683110485516 27 8.087218841148719
0.01562500175260706 30 10.137032503258862
0.01419073679689642 41 9.75271060291257
0.01478989089685312 20 8.176081882129962
0.01468529325200818 50 10.452245883884508
0.015216869425158874 21 10.457445984942217
0.016599774670365663 70 10.27928035037775
0.018674431476856324 62 11.103214502842588
0.014078900750362555 22 7.559264172541946
0.019182863875466083 55 11.840574013444577
0.01628330527804267 54 13.13289379553056
0.017527236379023647 134 13.93884936087147
0.017065689285383323 64 12.562166014242242
0.016536742974351815 77 11.275634946775973
0.01585872572146063 28 9.50921274562467
0.016405563078292773 40 10.407916484084945
0.0184187446883175 58 10.738958373879676
0.018024433560465014 68 10.10966718215284
0.01742577096629694 46 12.414607610211169
0.01450890861964893 28 12.129820244854253
0.014642669599651992 33 8.167180511685338
